TN:
SF:src/Classes/1-starter.ts
FN:5,(anonymous_0)
FN:14,(anonymous_1)
FN:18,(anonymous_2)
FN:28,(anonymous_3)
FN:32,(anonymous_4)
FNF:5
FNH:5
FNDA:1,(anonymous_0)
FNDA:1,(anonymous_1)
FNDA:1,(anonymous_2)
FNDA:1,(anonymous_3)
FNDA:1,(anonymous_4)
DA:1,1
DA:6,1
DA:11,1
DA:15,1
DA:19,1
DA:25,1
DA:29,1
DA:33,1
LF:8
LH:8
BRF:0
BRH:0
end_of_record
TN:
SF:src/Functions/logger.ts
FN:8,consoleLogger
FN:10,(anonymous_2)
FN:14,fileLogger
FN:16,(anonymous_4)
FN:20,emailLogger
FN:22,(anonymous_6)
FN:34,foo
FN:36,(anonymous_8)
FN:42,app
FN:47,(anonymous_10)
FNF:10
FNH:8
FNDA:1,consoleLogger
FNDA:1,(anonymous_2)
FNDA:1,fileLogger
FNDA:1,(anonymous_4)
FNDA:0,emailLogger
FNDA:0,(anonymous_6)
FNDA:2,foo
FNDA:2,(anonymous_8)
FNDA:2,app
FNDA:2,(anonymous_10)
DA:1,1
DA:2,1
DA:8,1
DA:9,1
DA:10,1
DA:14,1
DA:15,1
DA:16,1
DA:20,1
DA:21,0
DA:23,0
DA:24,0
DA:29,0
DA:35,2
DA:37,2
DA:42,1
DA:43,2
DA:44,2
DA:46,2
DA:48,2
LF:20
LH:16
BRF:0
BRH:0
end_of_record
TN:
SF:src/utils/sendEmail.ts
FN:3,sendEmail
FN:19,(anonymous_2)
FNF:2
FNH:0
FNDA:0,sendEmail
FNDA:0,(anonymous_2)
DA:1,1
DA:3,1
DA:4,0
DA:12,0
DA:19,0
DA:20,0
DA:21,0
DA:23,0
LF:8
LH:2
BRDA:20,0,0,0
BRDA:20,0,1,0
BRF:2
BRH:0
end_of_record
